TN:
SF:sum.js
FN:1,sum
FNF:1
FNH:1
FNDA:1,sum
DA:1,1
DA:2,1
DA:3,1
DA:4,1
DA:5,1
LF:5
LH:5
BRDA:1,0,0,1
BRF:1
BRH:1
end_of_record
TN:
SF:tests.js
FN:1,capitalize
FN:17,reverseString
FN:35,add
FN:40,subtract
FN:45,divide
FN:50,multiply
FN:57,caesarCipher
FN:97,analyzeArray
FN:102,Object
FN:114,analyse
FN:117,getAverage
FN:130,getMin
FN:135,getMax
FN:140,getLength
FNF:14
FNH:14
FNDA:1,capitalize
FNDA:1,reverseString
FNDA:1,add
FNDA:1,subtract
FNDA:1,divide
FNDA:1,multiply
FNDA:2,caesarCipher
FNDA:1,analyzeArray
FNDA:1,Object
FNDA:1,analyse
FNDA:1,getAverage
FNDA:1,getMin
FNDA:1,getMax
FNDA:1,getLength
DA:1,1
DA:2,1
DA:3,1
DA:4,1
DA:5,1
DA:6,1
DA:7,1
DA:8,8
DA:9,8
DA:10,1
DA:11,1
DA:12,1
DA:13,1
DA:14,1
DA:15,1
DA:16,1
DA:17,1
DA:18,1
DA:19,1
DA:20,1
DA:21,1
DA:22,1
DA:23,1
DA:24,9
DA:25,9
DA:26,1
DA:27,1
DA:28,1
DA:29,1
DA:30,1
DA:31,1
DA:32,1
DA:33,1
DA:34,1
DA:35,1
DA:36,1
DA:37,1
DA:38,1
DA:39,1
DA:40,1
DA:41,1
DA:42,1
DA:43,1
DA:44,1
DA:45,1
DA:46,1
DA:47,1
DA:48,1
DA:49,1
DA:50,1
DA:51,1
DA:52,1
DA:53,1
DA:54,1
DA:55,1
DA:56,1
DA:57,2
DA:58,2
DA:59,2
DA:60,2
DA:61,2
DA:62,2
DA:63,2
DA:64,2
DA:65,2
DA:66,2
DA:67,0
DA:68,0
DA:69,2
DA:70,2
DA:71,52
DA:72,52
DA:73,52
DA:74,52
DA:75,2
DA:76,2
DA:77,2
DA:78,2
DA:79,2
DA:80,2
DA:81,13
DA:82,13
DA:83,13
DA:84,1
DA:85,1
DA:86,1
DA:87,12
DA:88,12
DA:89,12
DA:90,12
DA:91,12
DA:92,13
DA:93,2
DA:94,2
DA:95,2
DA:96,1
DA:97,1
DA:98,1
DA:99,1
DA:100,1
DA:101,1
DA:102,1
DA:103,1
DA:104,1
DA:105,1
DA:106,1
DA:107,1
DA:108,1
DA:109,1
DA:110,1
DA:111,1
DA:112,1
DA:113,1
DA:114,1
DA:115,1
DA:116,1
DA:117,1
DA:118,1
DA:119,1
DA:120,1
DA:121,1
DA:122,1
DA:123,6
DA:124,6
DA:125,1
DA:126,1
DA:127,1
DA:128,1
DA:129,1
DA:130,1
DA:131,1
DA:132,1
DA:133,1
DA:134,1
DA:135,1
DA:136,1
DA:137,1
DA:138,1
DA:139,1
DA:140,1
DA:141,1
DA:142,1
DA:143,1
DA:144,1
DA:145,1
DA:146,1
DA:147,1
DA:148,1
DA:149,1
DA:150,1
DA:151,1
DA:152,1
DA:153,1
DA:154,1
DA:155,1
DA:156,1
DA:157,1
DA:158,1
DA:159,1
DA:160,1
DA:161,1
DA:162,1
DA:163,1
DA:164,1
DA:165,1
DA:166,1
LF:166
LH:164
BRDA:1,0,0,1
BRDA:7,1,0,8
BRDA:17,2,0,1
BRDA:23,3,0,9
BRDA:35,4,0,1
BRDA:40,5,0,1
BRDA:45,6,0,1
BRDA:50,7,0,1
BRDA:57,8,0,2
BRDA:66,9,0,0
BRDA:80,10,0,13
BRDA:83,11,0,1
BRDA:87,12,0,12
BRDA:70,13,0,52
BRDA:97,14,0,1
BRDA:102,15,0,1
BRDA:114,16,0,1
BRDA:117,17,0,1
BRDA:122,18,0,6
BRDA:130,19,0,1
BRDA:135,20,0,1
BRDA:140,21,0,1
BRF:22
BRH:21
end_of_record
