TN:
SF:sum.js
FN:1,sum
FNF:1
FNH:1
FNDA:1,sum
DA:1,1
DA:2,1
DA:3,1
DA:4,1
DA:5,1
LF:5
LH:5
BRDA:1,0,0,1
BRF:1
BRH:1
end_of_record
TN:
SF:tests.js
FN:1,capitalize
FN:17,reverseString
FN:35,add
FN:40,subtract
FN:45,divide
FN:50,multiply
FN:57,caesarCipher
FN:74,getStringLetterPositions
FN:89,shiftAlphabet
FN:120,assembleCipher
FNF:10
FNH:10
FNDA:1,capitalize
FNDA:1,reverseString
FNDA:1,add
FNDA:1,subtract
FNDA:1,divide
FNDA:1,multiply
FNDA:1,caesarCipher
FNDA:1,getStringLetterPositions
FNDA:1,shiftAlphabet
FNDA:1,assembleCipher
DA:1,1
DA:2,1
DA:3,1
DA:4,1
DA:5,1
DA:6,1
DA:7,1
DA:8,8
DA:9,8
DA:10,1
DA:11,1
DA:12,1
DA:13,1
DA:14,1
DA:15,1
DA:16,1
DA:17,1
DA:18,1
DA:19,1
DA:20,1
DA:21,1
DA:22,1
DA:23,1
DA:24,9
DA:25,9
DA:26,1
DA:27,1
DA:28,1
DA:29,1
DA:30,1
DA:31,1
DA:32,1
DA:33,1
DA:34,1
DA:35,1
DA:36,1
DA:37,1
DA:38,1
DA:39,1
DA:40,1
DA:41,1
DA:42,1
DA:43,1
DA:44,1
DA:45,1
DA:46,1
DA:47,1
DA:48,1
DA:49,1
DA:50,1
DA:51,1
DA:52,1
DA:53,1
DA:54,1
DA:55,1
DA:56,1
DA:57,1
DA:58,1
DA:59,1
DA:60,1
DA:61,1
DA:62,1
DA:63,1
DA:64,1
DA:65,1
DA:66,1
DA:67,1
DA:68,1
DA:69,1
DA:70,1
DA:71,1
DA:72,1
DA:73,1
DA:74,1
DA:75,1
DA:76,1
DA:77,1
DA:78,1
DA:79,6
DA:80,6
DA:81,6
DA:82,6
DA:83,6
DA:84,6
DA:85,1
DA:86,1
DA:87,1
DA:88,1
DA:89,1
DA:90,1
DA:91,1
DA:92,1
DA:93,1
DA:94,1
DA:95,26
DA:96,26
DA:97,26
DA:98,3
DA:99,3
DA:100,26
DA:101,26
DA:102,26
DA:103,23
DA:104,23
DA:105,26
DA:106,26
DA:107,26
DA:108,26
DA:109,26
DA:110,1
DA:111,1
DA:112,1
DA:113,1
DA:114,1
DA:115,1
DA:116,1
DA:117,1
DA:118,1
DA:119,1
DA:120,1
DA:121,1
DA:122,1
DA:123,1
DA:124,6
DA:125,6
DA:126,1
DA:127,1
DA:128,1
DA:129,1
DA:130,1
DA:131,1
DA:132,1
DA:133,1
DA:134,1
DA:135,1
DA:136,1
DA:137,1
DA:138,1
DA:139,1
DA:140,1
LF:140
LH:140
BRDA:1,0,0,1
BRDA:7,1,0,8
BRDA:17,2,0,1
BRDA:23,3,0,9
BRDA:35,4,0,1
BRDA:40,5,0,1
BRDA:45,6,0,1
BRDA:50,7,0,1
BRDA:57,8,0,1
BRDA:74,9,0,1
BRDA:78,10,0,6
BRDA:89,11,0,1
BRDA:94,12,0,26
BRDA:97,13,0,3
BRDA:102,14,0,23
BRDA:120,15,0,1
BRDA:123,16,0,6
BRF:17
BRH:17
end_of_record
